<?xml version="1.0" encoding="UTF-8"?>
<!-- Generated by org.testng.reporters.JUnitReportReporter -->
<testsuite hostname="DESKTOP-S0JO5H9" failures="0" tests="2" name="com.lm.testcases.TC_LoginTest_001" time="17.277" errors="0" timestamp="2022-01-13T00:16:22 IST" skipped="0">
  <testcase classname="com.lm.testcases.TC_LoginTest_001" name="loginTest" time="9.543"/>
  <system-out/>
  <testcase classname="com.lm.testcases.TC_LoginTest_001" name="loginTest" time="7.734"/>
  <system-out/>
</testsuite> <!-- com.lm.testcases.TC_LoginTest_001 -->
