<?xml version="1.0" encoding="UTF-8"?>
<!-- Generated by org.testng.reporters.JUnitReportReporter -->
<testsuite hostname="DESKTOP-S0JO5H9" failures="0" tests="1" name="com.lm.testcases.Tc_NewCustomer_002" time="33.371" errors="0" timestamp="2022-01-19T00:22:13 IST" skipped="0">
  <testcase classname="com.lm.testcases.Tc_NewCustomer_002" name="newCustomerTest" time="33.371"/>
  <system-out/>
</testsuite> <!-- com.lm.testcases.Tc_NewCustomer_002 -->
