<?xml version="1.0" encoding="UTF-8"?>
<!-- Generated by org.testng.reporters.JUnitReportReporter -->
<testsuite hostname="DESKTOP-S0JO5H9" failures="0" tests="2" name="com.lm.testcases.TC_LoginTest_001" time="14.179" errors="0" timestamp="2022-01-15T23:18:39 IST" skipped="0">
  <testcase classname="com.lm.testcases.TC_LoginTest_001" name="loginTest" time="6.893"/>
  <system-out/>
  <testcase classname="com.lm.testcases.TC_LoginTest_001" name="loginTest" time="7.286"/>
  <system-out/>
</testsuite> <!-- com.lm.testcases.TC_LoginTest_001 -->
