<?xml version="1.0" encoding="UTF-8"?>
<!-- Generated by org.testng.reporters.JUnitReportReporter -->
<testsuite hostname="DESKTOP-S0JO5H9" failures="0" tests="2" name="com.lm.testcases.TC_LoginTest_001" time="12.309" errors="0" timestamp="2022-01-14T23:09:50 IST" skipped="0">
  <testcase classname="com.lm.testcases.TC_LoginTest_001" name="loginTest" time="6.452"/>
  <system-out/>
  <testcase classname="com.lm.testcases.TC_LoginTest_001" name="loginTest" time="5.857"/>
  <system-out/>
</testsuite> <!-- com.lm.testcases.TC_LoginTest_001 -->
