<?xml version="1.0" encoding="UTF-8"?>
<!-- Generated by org.testng.reporters.JUnitReportReporter -->
<testsuite hostname="DESKTOP-S0JO5H9" failures="0" tests="2" name="com.lm.testcases.TC_LoginTest_001" time="14.337" errors="0" timestamp="2022-01-13T21:59:01 IST" skipped="0">
  <testcase classname="com.lm.testcases.TC_LoginTest_001" name="loginTest" time="8.228"/>
  <system-out/>
  <testcase classname="com.lm.testcases.TC_LoginTest_001" name="loginTest" time="6.109"/>
  <system-out/>
</testsuite> <!-- com.lm.testcases.TC_LoginTest_001 -->
